<testng-results>
  <reporter-output>
  </reporter-output>
  <suite name="Clementine Test Suite">
    <groups>
    </groups>
    <test name="clementine-tests">
      <class name="com.mpower.test.ReportFieldTest">
        <test-method status="PASS" signature="listReportField()" name="listReportField" duration-ms="7" started-at="2008-08-07T15:03:56Z" depends-on-methods="com.mpower.test.ReportFieldTest.createReportField" finished-at="2008-08-07T15:03:56Z">
        </test-method>
        <test-method status="PASS" signature="createReportField(com.mpower.domain.ReportDataSource, com.mpower.domain.ReportDataSubSource, com.mpower.domain.ReportFieldGroup, com.mpower.domain.ReportField)" name="createReportField" duration-ms="12" started-at="2008-08-07T15:03:56Z" finished-at="2008-08-07T15:03:56Z">
          <params>
            <param index="0">
              <value>
                <![CDATA[com.mpower.domain.ReportDataSource@30848636]]>
              </value>
            </param>
            <param index="1">
              <value>
                <![CDATA[com.mpower.domain.ReportDataSubSource@4c875c1c]]>
              </value>
            </param>
            <param index="2">
              <value>
                <![CDATA[com.mpower.domain.ReportFieldGroup@4ab05984]]>
              </value>
            </param>
            <param index="3">
              <value>
                <![CDATA[com.mpower.domain.ReportField@7fc50f6a]]>
              </value>
            </param>
          </params>
        </test-method>
        <test-method status="PASS" signature="springTestContextBeforeTestMethod(java.lang.reflect.Method)" name="springTestContextBeforeTestMethod" is-config="true" duration-ms="0" started-at="2008-08-07T15:03:56Z" finished-at="2008-08-07T15:03:56Z">
          <params>
            <param index="0">
              <value>
                <![CDATA[public void com.mpower.test.ReportFieldTest.createReportField(com.mpower.domain.ReportDataSource,com.mpower.domain.ReportDataSubSource,com.mpower.domain.ReportFieldGroup,com.mpower.domain.ReportField)]]>
              </value>
            </param>
          </params>
        </test-method>
        <test-method status="PASS" signature="springTestContextAfterTestMethod(java.lang.reflect.Method)" name="springTestContextAfterTestMethod" is-config="true" duration-ms="0" started-at="2008-08-07T15:03:56Z" finished-at="2008-08-07T15:03:56Z">
          <params>
            <param index="0">
              <value>
                <![CDATA[void com.mpower.test.ReportFieldTest.findReportField()]]>
              </value>
            </param>
          </params>
        </test-method>
        <test-method status="PASS" signature="springTestContextBeforeTestMethod(java.lang.reflect.Method)" name="springTestContextBeforeTestMethod" is-config="true" duration-ms="0" started-at="2008-08-07T15:03:56Z" finished-at="2008-08-07T15:03:56Z">
          <params>
            <param index="0">
              <value>
                <![CDATA[void com.mpower.test.ReportFieldTest.findReportField()]]>
              </value>
            </param>
          </params>
        </test-method>
        <test-method status="PASS" signature="springTestContextAfterTestMethod(java.lang.reflect.Method)" name="springTestContextAfterTestMethod" is-config="true" duration-ms="1" started-at="2008-08-07T15:03:56Z" finished-at="2008-08-07T15:03:56Z">
          <params>
            <param index="0">
              <value>
                <![CDATA[public void com.mpower.test.ReportFieldTest.createReportField(com.mpower.domain.ReportDataSource,com.mpower.domain.ReportDataSubSource,com.mpower.domain.ReportFieldGroup,com.mpower.domain.ReportField)]]>
              </value>
            </param>
          </params>
        </test-method>
        <test-method status="PASS" signature="findReportField()" name="findReportField" duration-ms="15" started-at="2008-08-07T15:03:56Z" depends-on-methods="com.mpower.test.ReportFieldTest.createReportField" finished-at="2008-08-07T15:03:56Z">
        </test-method>
        <test-method status="PASS" signature="springTestContextAfterTestMethod(java.lang.reflect.Method)" name="springTestContextAfterTestMethod" is-config="true" duration-ms="1" started-at="2008-08-07T15:03:56Z" finished-at="2008-08-07T15:03:56Z">
          <params>
            <param index="0">
              <value>
                <![CDATA[public void com.mpower.test.ReportFieldTest.listReportField()]]>
              </value>
            </param>
          </params>
        </test-method>
        <test-method status="PASS" signature="setup()" name="setup" is-config="true" duration-ms="0" started-at="2008-08-07T15:03:56Z" finished-at="2008-08-07T15:03:56Z">
        </test-method>
        <test-method status="PASS" signature="springTestContextPrepareTestInstance()" name="springTestContextPrepareTestInstance" is-config="true" duration-ms="7" started-at="2008-08-07T15:03:56Z" finished-at="2008-08-07T15:03:56Z">
        </test-method>
        <test-method status="PASS" signature="springTestContextBeforeTestMethod(java.lang.reflect.Method)" name="springTestContextBeforeTestMethod" is-config="true" duration-ms="0" started-at="2008-08-07T15:03:56Z" finished-at="2008-08-07T15:03:56Z">
          <params>
            <param index="0">
              <value>
                <![CDATA[public void com.mpower.test.ReportFieldTest.listReportField()]]>
              </value>
            </param>
          </params>
        </test-method>
      </class>
      <class name="com.mpower.test.ReportFieldGroupTest">
        <test-method status="PASS" signature="springTestContextPrepareTestInstance()" name="springTestContextPrepareTestInstance" is-config="true" duration-ms="2689" started-at="2008-08-07T15:03:53Z" finished-at="2008-08-07T15:03:56Z">
        </test-method>
        <test-method status="PASS" signature="springTestContextBeforeTestMethod(java.lang.reflect.Method)" name="springTestContextBeforeTestMethod" is-config="true" duration-ms="0" started-at="2008-08-07T15:03:56Z" finished-at="2008-08-07T15:03:56Z">
          <params>
            <param index="0">
              <value>
                <![CDATA[public void com.mpower.test.ReportFieldGroupTest.listReportFieldGroup()]]>
              </value>
            </param>
          </params>
        </test-method>
        <test-method status="PASS" signature="springTestContextAfterTestMethod(java.lang.reflect.Method)" name="springTestContextAfterTestMethod" is-config="true" duration-ms="0" started-at="2008-08-07T15:03:56Z" finished-at="2008-08-07T15:03:56Z">
          <params>
            <param index="0">
              <value>
                <![CDATA[public void com.mpower.test.ReportFieldGroupTest.listReportFieldGroup()]]>
              </value>
            </param>
          </params>
        </test-method>
        <test-method status="PASS" signature="springTestContextAfterTestMethod(java.lang.reflect.Method)" name="springTestContextAfterTestMethod" is-config="true" duration-ms="0" started-at="2008-08-07T15:03:56Z" finished-at="2008-08-07T15:03:56Z">
          <params>
            <param index="0">
              <value>
                <![CDATA[void com.mpower.test.ReportFieldGroupTest.findReportFieldGroup()]]>
              </value>
            </param>
          </params>
        </test-method>
        <test-method status="PASS" signature="springTestContextBeforeTestMethod(java.lang.reflect.Method)" name="springTestContextBeforeTestMethod" is-config="true" duration-ms="0" started-at="2008-08-07T15:03:56Z" finished-at="2008-08-07T15:03:56Z">
          <params>
            <param index="0">
              <value>
                <![CDATA[void com.mpower.test.ReportFieldGroupTest.findReportFieldGroup()]]>
              </value>
            </param>
          </params>
        </test-method>
        <test-method status="PASS" signature="createReportFieldGroup(com.mpower.domain.ReportDataSource, com.mpower.domain.ReportDataSubSource, com.mpower.domain.ReportFieldGroup)" name="createReportFieldGroup" duration-ms="98" started-at="2008-08-07T15:03:56Z" finished-at="2008-08-07T15:03:56Z">
          <params>
            <param index="0">
              <value>
                <![CDATA[com.mpower.domain.ReportDataSource@48a198b8]]>
              </value>
            </param>
            <param index="1">
              <value>
                <![CDATA[com.mpower.domain.ReportDataSubSource@69317d48]]>
              </value>
            </param>
            <param index="2">
              <value>
                <![CDATA[com.mpower.domain.ReportFieldGroup@301837ec]]>
              </value>
            </param>
          </params>
        </test-method>
        <test-method status="PASS" signature="springTestContextBeforeTestMethod(java.lang.reflect.Method)" name="springTestContextBeforeTestMethod" is-config="true" duration-ms="0" started-at="2008-08-07T15:03:56Z" finished-at="2008-08-07T15:03:56Z">
          <params>
            <param index="0">
              <value>
                <![CDATA[public void com.mpower.test.ReportFieldGroupTest.createReportFieldGroup(com.mpower.domain.ReportDataSource,com.mpower.domain.ReportDataSubSource,com.mpower.domain.ReportFieldGroup)]]>
              </value>
            </param>
          </params>
        </test-method>
        <test-method status="PASS" signature="findReportFieldGroup()" name="findReportFieldGroup" duration-ms="6" started-at="2008-08-07T15:03:56Z" depends-on-methods="com.mpower.test.ReportFieldGroupTest.createReportFieldGroup" finished-at="2008-08-07T15:03:56Z">
        </test-method>
        <test-method status="PASS" signature="setup()" name="setup" is-config="true" duration-ms="0" started-at="2008-08-07T15:03:56Z" finished-at="2008-08-07T15:03:56Z">
        </test-method>
        <test-method status="PASS" signature="springTestContextAfterTestMethod(java.lang.reflect.Method)" name="springTestContextAfterTestMethod" is-config="true" duration-ms="1" started-at="2008-08-07T15:03:56Z" finished-at="2008-08-07T15:03:56Z">
          <params>
            <param index="0">
              <value>
                <![CDATA[public void com.mpower.test.ReportFieldGroupTest.createReportFieldGroup(com.mpower.domain.ReportDataSource,com.mpower.domain.ReportDataSubSource,com.mpower.domain.ReportFieldGroup)]]>
              </value>
            </param>
          </params>
        </test-method>
        <test-method status="PASS" signature="listReportFieldGroup()" name="listReportFieldGroup" duration-ms="219" started-at="2008-08-07T15:03:56Z" depends-on-methods="com.mpower.test.ReportFieldGroupTest.createReportFieldGroup" finished-at="2008-08-07T15:03:56Z">
        </test-method>
      </class>
      <class name="com.mpower.test.ReportSubSourceTest">
        <test-method status="PASS" signature="createReportSubSources(com.mpower.domain.ReportDataSource, com.mpower.domain.ReportDataSubSource)" name="createReportSubSources" duration-ms="3" started-at="2008-08-07T15:03:56Z" finished-at="2008-08-07T15:03:56Z">
          <params>
            <param index="0">
              <value>
                <![CDATA[com.mpower.domain.ReportDataSource@78891447]]>
              </value>
            </param>
            <param index="1">
              <value>
                <![CDATA[com.mpower.domain.ReportDataSubSource@6f927f23]]>
              </value>
            </param>
          </params>
        </test-method>
        <test-method status="PASS" signature="springTestContextBeforeTestMethod(java.lang.reflect.Method)" name="springTestContextBeforeTestMethod" is-config="true" duration-ms="0" started-at="2008-08-07T15:03:56Z" finished-at="2008-08-07T15:03:56Z">
          <params>
            <param index="0">
              <value>
                <![CDATA[public void com.mpower.test.ReportSubSourceTest.createReportSubSources(com.mpower.domain.ReportDataSource,com.mpower.domain.ReportDataSubSource)]]>
              </value>
            </param>
          </params>
        </test-method>
        <test-method status="PASS" signature="springTestContextAfterTestMethod(java.lang.reflect.Method)" name="springTestContextAfterTestMethod" is-config="true" duration-ms="0" started-at="2008-08-07T15:03:56Z" finished-at="2008-08-07T15:03:56Z">
          <params>
            <param index="0">
              <value>
                <![CDATA[public void com.mpower.test.ReportSubSourceTest.createReportSubSources(com.mpower.domain.ReportDataSource,com.mpower.domain.ReportDataSubSource)]]>
              </value>
            </param>
          </params>
        </test-method>
        <test-method status="PASS" signature="listReportSubSource()" name="listReportSubSource" duration-ms="8" started-at="2008-08-07T15:03:56Z" depends-on-methods="com.mpower.test.ReportSubSourceTest.createReportSubSources" finished-at="2008-08-07T15:03:56Z">
        </test-method>
        <test-method status="PASS" signature="findReportSubSource()" name="findReportSubSource" duration-ms="4" started-at="2008-08-07T15:03:56Z" depends-on-methods="com.mpower.test.ReportSubSourceTest.createReportSubSources" finished-at="2008-08-07T15:03:56Z">
        </test-method>
        <test-method status="PASS" signature="springTestContextBeforeTestMethod(java.lang.reflect.Method)" name="springTestContextBeforeTestMethod" is-config="true" duration-ms="1" started-at="2008-08-07T15:03:56Z" finished-at="2008-08-07T15:03:56Z">
          <params>
            <param index="0">
              <value>
                <![CDATA[public void com.mpower.test.ReportSubSourceTest.listReportSubSource()]]>
              </value>
            </param>
          </params>
        </test-method>
        <test-method status="PASS" signature="springTestContextPrepareTestInstance()" name="springTestContextPrepareTestInstance" is-config="true" duration-ms="7" started-at="2008-08-07T15:03:56Z" finished-at="2008-08-07T15:03:56Z">
        </test-method>
        <test-method status="PASS" signature="springTestContextAfterTestMethod(java.lang.reflect.Method)" name="springTestContextAfterTestMethod" is-config="true" duration-ms="0" started-at="2008-08-07T15:03:56Z" finished-at="2008-08-07T15:03:56Z">
          <params>
            <param index="0">
              <value>
                <![CDATA[public void com.mpower.test.ReportSubSourceTest.listReportSubSource()]]>
              </value>
            </param>
          </params>
        </test-method>
        <test-method status="PASS" signature="setup()" name="setup" is-config="true" duration-ms="0" started-at="2008-08-07T15:03:56Z" finished-at="2008-08-07T15:03:56Z">
        </test-method>
        <test-method status="PASS" signature="springTestContextAfterTestMethod(java.lang.reflect.Method)" name="springTestContextAfterTestMethod" is-config="true" duration-ms="0" started-at="2008-08-07T15:03:56Z" finished-at="2008-08-07T15:03:56Z">
          <params>
            <param index="0">
              <value>
                <![CDATA[void com.mpower.test.ReportSubSourceTest.findReportSubSource()]]>
              </value>
            </param>
          </params>
        </test-method>
        <test-method status="PASS" signature="springTestContextBeforeTestMethod(java.lang.reflect.Method)" name="springTestContextBeforeTestMethod" is-config="true" duration-ms="0" started-at="2008-08-07T15:03:56Z" finished-at="2008-08-07T15:03:56Z">
          <params>
            <param index="0">
              <value>
                <![CDATA[void com.mpower.test.ReportSubSourceTest.findReportSubSource()]]>
              </value>
            </param>
          </params>
        </test-method>
      </class>
      <class name="com.mpower.test.ReportSourceTest">
        <test-method status="PASS" signature="springTestContextAfterTestMethod(java.lang.reflect.Method)" name="springTestContextAfterTestMethod" is-config="true" duration-ms="0" started-at="2008-08-07T15:03:56Z" finished-at="2008-08-07T15:03:56Z">
          <params>
            <param index="0">
              <value>
                <![CDATA[public void com.mpower.test.ReportSourceTest.createReportSources(com.mpower.domain.ReportDataSource)]]>
              </value>
            </param>
          </params>
        </test-method>
        <test-method status="PASS" signature="emptyTest()" name="emptyTest" duration-ms="2" started-at="2008-08-07T15:03:56Z" finished-at="2008-08-07T15:03:56Z">
        </test-method>
        <test-method status="PASS" signature="springTestContextAfterTestMethod(java.lang.reflect.Method)" name="springTestContextAfterTestMethod" is-config="true" duration-ms="0" started-at="2008-08-07T15:03:56Z" finished-at="2008-08-07T15:03:56Z">
          <params>
            <param index="0">
              <value>
                <![CDATA[public void com.mpower.test.ReportSourceTest.emptyTest()]]>
              </value>
            </param>
          </params>
        </test-method>
        <test-method status="PASS" signature="springTestContextBeforeTestMethod(java.lang.reflect.Method)" name="springTestContextBeforeTestMethod" is-config="true" duration-ms="0" started-at="2008-08-07T15:03:56Z" finished-at="2008-08-07T15:03:56Z">
          <params>
            <param index="0">
              <value>
                <![CDATA[public void com.mpower.test.ReportSourceTest.createReportSources(com.mpower.domain.ReportDataSource)]]>
              </value>
            </param>
          </params>
        </test-method>
        <test-method status="PASS" signature="springTestContextBeforeTestMethod(java.lang.reflect.Method)" name="springTestContextBeforeTestMethod" is-config="true" duration-ms="0" started-at="2008-08-07T15:03:56Z" finished-at="2008-08-07T15:03:56Z">
          <params>
            <param index="0">
              <value>
                <![CDATA[public void com.mpower.test.ReportSourceTest.emptyTest()]]>
              </value>
            </param>
          </params>
        </test-method>
        <test-method status="PASS" signature="springTestContextPrepareTestInstance()" name="springTestContextPrepareTestInstance" is-config="true" duration-ms="7" started-at="2008-08-07T15:03:56Z" finished-at="2008-08-07T15:03:56Z">
        </test-method>
        <test-method status="PASS" signature="springTestContextBeforeTestMethod(java.lang.reflect.Method)" name="springTestContextBeforeTestMethod" is-config="true" duration-ms="0" started-at="2008-08-07T15:03:56Z" finished-at="2008-08-07T15:03:56Z">
          <params>
            <param index="0">
              <value>
                <![CDATA[public void com.mpower.test.ReportSourceTest.listReportSource()]]>
              </value>
            </param>
          </params>
        </test-method>
        <test-method status="PASS" signature="springTestContextAfterTestMethod(java.lang.reflect.Method)" name="springTestContextAfterTestMethod" is-config="true" duration-ms="0" started-at="2008-08-07T15:03:56Z" finished-at="2008-08-07T15:03:56Z">
          <params>
            <param index="0">
              <value>
                <![CDATA[void com.mpower.test.ReportSourceTest.findReportSource()]]>
              </value>
            </param>
          </params>
        </test-method>
        <test-method status="PASS" signature="springTestContextBeforeTestMethod(java.lang.reflect.Method)" name="springTestContextBeforeTestMethod" is-config="true" duration-ms="0" started-at="2008-08-07T15:03:56Z" finished-at="2008-08-07T15:03:56Z">
          <params>
            <param index="0">
              <value>
                <![CDATA[void com.mpower.test.ReportSourceTest.findReportSource()]]>
              </value>
            </param>
          </params>
        </test-method>
        <test-method status="PASS" signature="springTestContextAfterTestMethod(java.lang.reflect.Method)" name="springTestContextAfterTestMethod" is-config="true" duration-ms="0" started-at="2008-08-07T15:03:56Z" finished-at="2008-08-07T15:03:56Z">
          <params>
            <param index="0">
              <value>
                <![CDATA[public void com.mpower.test.ReportSourceTest.listReportSource()]]>
              </value>
            </param>
          </params>
        </test-method>
        <test-method status="PASS" signature="findReportSource()" name="findReportSource" duration-ms="6" started-at="2008-08-07T15:03:56Z" depends-on-methods="com.mpower.test.ReportSourceTest.createReportSources" finished-at="2008-08-07T15:03:56Z">
        </test-method>
        <test-method status="PASS" signature="setup()" name="setup" is-config="true" duration-ms="1" started-at="2008-08-07T15:03:56Z" finished-at="2008-08-07T15:03:56Z">
        </test-method>
        <test-method status="PASS" signature="listReportSource()" name="listReportSource" duration-ms="12" started-at="2008-08-07T15:03:56Z" depends-on-methods="com.mpower.test.ReportSourceTest.createReportSources" finished-at="2008-08-07T15:03:56Z">
        </test-method>
        <test-method status="PASS" signature="createReportSources(com.mpower.domain.ReportDataSource)" name="createReportSources" duration-ms="3" started-at="2008-08-07T15:03:56Z" finished-at="2008-08-07T15:03:56Z">
          <params>
            <param index="0">
              <value>
                <![CDATA[com.mpower.domain.ReportDataSource@952942b]]>
              </value>
            </param>
          </params>
        </test-method>
      </class>
    </test>
  </suite>
</testng-results>
